<?xml version="1.0" encoding="UTF-8"?>
<!-- Generated by org.testng.reporters.JUnitReportReporter -->
<testsuite hostname="PRO-SAURABH-LT" name="appiumtest.Testapp" tests="8" failures="8" timestamp="30 Jun 2015 14:41:18 GMT" time="62.795" errors="0">
  <testcase name="A_login" time="62.671" classname="appiumtest.Testapp">
    <failure type="org.openqa.selenium.remote.SessionNotFoundException" message="
Command duration or timeout: 15 milliseconds
Build info: version: &#039;2.45.0&#039;, revision: &#039;5017cb8&#039;, time: &#039;2015-02-26 23:59:50&#039;
System info: host: &#039;PRO-SAURABH-LT&#039;, ip: &#039;192.168.60.87&#039;, os.name: &#039;Windows 8&#039;, os.arch: &#039;amd64&#039;, os.version: &#039;6.2&#039;, java.version: &#039;1.7.0_45&#039;
Session ID: 1b059f70-f05c-4021-9d76-ce740511bce1
Driver info: io.appium.java_client.android.AndroidDriver
Capabilities [{platform=LINUX, app=F:\EXE Files\Mobile Testing\Apk\MiGallery_1.0.17.715_production.apk, javascriptEnabled=true, appActivity=com.mimedia.gallery.GalleryStartupActivity_, browserName=, networkConnectionEnabled=true, desired={app=F:\EXE Files\Mobile Testing\Apk\MiGallery_1.0.17.715_production.apk, platformVersion=5.0.2, deviceName=A05510, platformName=Android, appActivity=com.mimedia.gallery.GalleryStartupActivity_, browserName=, appPackage=com.mimedia.gallery}, locationContextEnabled=false, appPackage=com.mimedia.gallery, platformVersion=5.0.2, databaseEnabled=false, platformName=Android, deviceName=3a209ea, webStorageEnabled=false, warnings={}, takesScreenshot=true}]">
      <![CDATA[org.openqa.selenium.remote.SessionNotFoundException: 
Command duration or timeout: 15 milliseconds
Build info: version: '2.45.0', revision: '5017cb8', time: '2015-02-26 23:59:50'
System info: host: 'PRO-SAURABH-LT', ip: '192.168.60.87', os.name: 'Windows 8', os.arch: 'amd64', os.version: '6.2', java.version: '1.7.0_45'
Session ID: 1b059f70-f05c-4021-9d76-ce740511bce1
Driver info: io.appium.java_client.android.AndroidDriver
Capabilities [{platform=LINUX, app=F:\EXE Files\Mobile Testing\Apk\MiGallery_1.0.17.715_production.apk, javascriptEnabled=true, appActivity=com.mimedia.gallery.GalleryStartupActivity_, browserName=, networkConnectionEnabled=true, desired={app=F:\EXE Files\Mobile Testing\Apk\MiGallery_1.0.17.715_production.apk, platformVersion=5.0.2, deviceName=A05510, platformName=Android, appActivity=com.mimedia.gallery.GalleryStartupActivity_, browserName=, appPackage=com.mimedia.gallery}, locationContextEnabled=false, appPackage=com.mimedia.gallery, platformVersion=5.0.2, databaseEnabled=false, platformName=Android, deviceName=3a209ea, webStorageEnabled=false, warnings={}, takesScreenshot=true}]
	at sun.reflect.NativeConstructorAccessorImpl.newInstance0(Native Method)
	at sun.reflect.NativeConstructorAccessorImpl.newInstance(NativeConstructorAccessorImpl.java:57)
	at sun.reflect.DelegatingConstructorAccessorImpl.newInstance(DelegatingConstructorAccessorImpl.java:45)
	at java.lang.reflect.Constructor.newInstance(Constructor.java:526)
	at org.openqa.selenium.remote.ErrorHandler.createThrowable(ErrorHandler.java:204)
	at org.openqa.selenium.remote.ErrorHandler.throwIfResponseFailed(ErrorHandler.java:162)
	at org.openqa.selenium.remote.RemoteWebDriver.execute(RemoteWebDriver.java:599)
	at io.appium.java_client.AppiumDriver.execute(AppiumDriver.java:180)
	at org.openqa.selenium.remote.RemoteWebElement.execute(RemoteWebElement.java:268)
	at org.openqa.selenium.remote.RemoteWebElement.click(RemoteWebElement.java:79)
	at appiumtest.Testapp.A_login(Testapp.java:86)
	at sun.reflect.NativeMethodAccessorImpl.invoke0(Native Method)
	at sun.reflect.NativeMethodAccessorImpl.invoke(NativeMethodAccessorImpl.java:57)
	at sun.reflect.DelegatingMethodAccessorImpl.invoke(DelegatingMethodAccessorImpl.java:43)
	at java.lang.reflect.Method.invoke(Method.java:606)
	at org.testng.internal.MethodInvocationHelper.invokeMethod(MethodInvocationHelper.java:84)
	at org.testng.internal.Invoker.invokeMethod(Invoker.java:714)
	at org.testng.internal.Invoker.invokeTestMethod(Invoker.java:901)
	at org.testng.internal.Invoker.invokeTestMethods(Invoker.java:1231)
	at org.testng.internal.TestMethodWorker.invokeTestMethods(TestMethodWorker.java:127)
	at org.testng.internal.TestMethodWorker.run(TestMethodWorker.java:111)
	at org.testng.TestRunner.privateRun(TestRunner.java:767)
	at org.testng.TestRunner.run(TestRunner.java:617)
	at org.testng.SuiteRunner.runTest(SuiteRunner.java:334)
	at org.testng.SuiteRunner.runSequentially(SuiteRunner.java:329)
	at org.testng.SuiteRunner.privateRun(SuiteRunner.java:291)
	at org.testng.SuiteRunner.run(SuiteRunner.java:240)
	at org.testng.SuiteRunnerWorker.runSuite(SuiteRunnerWorker.java:52)
	at org.testng.SuiteRunnerWorker.run(SuiteRunnerWorker.java:86)
	at org.testng.TestNG.runSuitesSequentially(TestNG.java:1224)
	at org.testng.TestNG.runSuitesLocally(TestNG.java:1149)
	at org.testng.TestNG.run(TestNG.java:1057)
	at org.testng.remote.RemoteTestNG.run(RemoteTestNG.java:111)
	at org.testng.remote.RemoteTestNG.initAndRun(RemoteTestNG.java:204)
	at org.testng.remote.RemoteTestNG.main(RemoteTestNG.java:175)
]]>
    </failure>
  </testcase> <!-- A_login -->
  <testcase name="C_sreens" time="0.031" classname="appiumtest.Testapp">
    <failure type="org.openqa.selenium.remote.SessionNotFoundException" message="
Command duration or timeout: 16 milliseconds
Build info: version: &#039;2.45.0&#039;, revision: &#039;5017cb8&#039;, time: &#039;2015-02-26 23:59:50&#039;
System info: host: &#039;PRO-SAURABH-LT&#039;, ip: &#039;192.168.60.87&#039;, os.name: &#039;Windows 8&#039;, os.arch: &#039;amd64&#039;, os.version: &#039;6.2&#039;, java.version: &#039;1.7.0_45&#039;
*** Element info: {Using=name, value=Collections}
Session ID: 1b059f70-f05c-4021-9d76-ce740511bce1
Driver info: io.appium.java_client.android.AndroidDriver
Capabilities [{platform=LINUX, app=F:\EXE Files\Mobile Testing\Apk\MiGallery_1.0.17.715_production.apk, javascriptEnabled=true, appActivity=com.mimedia.gallery.GalleryStartupActivity_, browserName=, networkConnectionEnabled=true, desired={app=F:\EXE Files\Mobile Testing\Apk\MiGallery_1.0.17.715_production.apk, platformVersion=5.0.2, deviceName=A05510, platformName=Android, appActivity=com.mimedia.gallery.GalleryStartupActivity_, browserName=, appPackage=com.mimedia.gallery}, locationContextEnabled=false, appPackage=com.mimedia.gallery, platformVersion=5.0.2, databaseEnabled=false, platformName=Android, deviceName=3a209ea, webStorageEnabled=false, warnings={}, takesScreenshot=true}]">
      <![CDATA[org.openqa.selenium.remote.SessionNotFoundException: 
Command duration or timeout: 16 milliseconds
Build info: version: '2.45.0', revision: '5017cb8', time: '2015-02-26 23:59:50'
System info: host: 'PRO-SAURABH-LT', ip: '192.168.60.87', os.name: 'Windows 8', os.arch: 'amd64', os.version: '6.2', java.version: '1.7.0_45'
*** Element info: {Using=name, value=Collections}
Session ID: 1b059f70-f05c-4021-9d76-ce740511bce1
Driver info: io.appium.java_client.android.AndroidDriver
Capabilities [{platform=LINUX, app=F:\EXE Files\Mobile Testing\Apk\MiGallery_1.0.17.715_production.apk, javascriptEnabled=true, appActivity=com.mimedia.gallery.GalleryStartupActivity_, browserName=, networkConnectionEnabled=true, desired={app=F:\EXE Files\Mobile Testing\Apk\MiGallery_1.0.17.715_production.apk, platformVersion=5.0.2, deviceName=A05510, platformName=Android, appActivity=com.mimedia.gallery.GalleryStartupActivity_, browserName=, appPackage=com.mimedia.gallery}, locationContextEnabled=false, appPackage=com.mimedia.gallery, platformVersion=5.0.2, databaseEnabled=false, platformName=Android, deviceName=3a209ea, webStorageEnabled=false, warnings={}, takesScreenshot=true}]
	at sun.reflect.NativeConstructorAccessorImpl.newInstance0(Native Method)
	at sun.reflect.NativeConstructorAccessorImpl.newInstance(NativeConstructorAccessorImpl.java:57)
	at sun.reflect.DelegatingConstructorAccessorImpl.newInstance(DelegatingConstructorAccessorImpl.java:45)
	at java.lang.reflect.Constructor.newInstance(Constructor.java:526)
	at org.openqa.selenium.remote.ErrorHandler.createThrowable(ErrorHandler.java:204)
	at org.openqa.selenium.remote.ErrorHandler.throwIfResponseFailed(ErrorHandler.java:162)
	at org.openqa.selenium.remote.RemoteWebDriver.execute(RemoteWebDriver.java:599)
	at io.appium.java_client.AppiumDriver.execute(AppiumDriver.java:180)
	at org.openqa.selenium.remote.RemoteWebDriver.findElement(RemoteWebDriver.java:352)
	at org.openqa.selenium.remote.RemoteWebDriver.findElementByName(RemoteWebDriver.java:425)
	at org.openqa.selenium.By$ByName.findElement(By.java:299)
	at org.openqa.selenium.remote.RemoteWebDriver.findElement(RemoteWebDriver.java:344)
	at appiumtest.Testapp.C_sreens(Testapp.java:141)
	at sun.reflect.NativeMethodAccessorImpl.invoke0(Native Method)
	at sun.reflect.NativeMethodAccessorImpl.invoke(NativeMethodAccessorImpl.java:57)
	at sun.reflect.DelegatingMethodAccessorImpl.invoke(DelegatingMethodAccessorImpl.java:43)
	at java.lang.reflect.Method.invoke(Method.java:606)
	at org.testng.internal.MethodInvocationHelper.invokeMethod(MethodInvocationHelper.java:84)
	at org.testng.internal.Invoker.invokeMethod(Invoker.java:714)
	at org.testng.internal.Invoker.invokeTestMethod(Invoker.java:901)
	at org.testng.internal.Invoker.invokeTestMethods(Invoker.java:1231)
	at org.testng.internal.TestMethodWorker.invokeTestMethods(TestMethodWorker.java:127)
	at org.testng.internal.TestMethodWorker.run(TestMethodWorker.java:111)
	at org.testng.TestRunner.privateRun(TestRunner.java:767)
	at org.testng.TestRunner.run(TestRunner.java:617)
	at org.testng.SuiteRunner.runTest(SuiteRunner.java:334)
	at org.testng.SuiteRunner.runSequentially(SuiteRunner.java:329)
	at org.testng.SuiteRunner.privateRun(SuiteRunner.java:291)
	at org.testng.SuiteRunner.run(SuiteRunner.java:240)
	at org.testng.SuiteRunnerWorker.runSuite(SuiteRunnerWorker.java:52)
	at org.testng.SuiteRunnerWorker.run(SuiteRunnerWorker.java:86)
	at org.testng.TestNG.runSuitesSequentially(TestNG.java:1224)
	at org.testng.TestNG.runSuitesLocally(TestNG.java:1149)
	at org.testng.TestNG.run(TestNG.java:1057)
	at org.testng.remote.RemoteTestNG.run(RemoteTestNG.java:111)
	at org.testng.remote.RemoteTestNG.initAndRun(RemoteTestNG.java:204)
	at org.testng.remote.RemoteTestNG.main(RemoteTestNG.java:175)
]]>
    </failure>
  </testcase> <!-- C_sreens -->
  <testcase name="H_swipe" time="0.015" classname="appiumtest.Testapp">
    <failure type="org.openqa.selenium.remote.SessionNotFoundException" message="
Command duration or timeout: 15 milliseconds
Build info: version: &#039;2.45.0&#039;, revision: &#039;5017cb8&#039;, time: &#039;2015-02-26 23:59:50&#039;
System info: host: &#039;PRO-SAURABH-LT&#039;, ip: &#039;192.168.60.87&#039;, os.name: &#039;Windows 8&#039;, os.arch: &#039;amd64&#039;, os.version: &#039;6.2&#039;, java.version: &#039;1.7.0_45&#039;
*** Element info: {Using=xpath, value=//*[@class=&#039;android.view.View&#039; and @index=&#039;0&#039;]}
Session ID: 1b059f70-f05c-4021-9d76-ce740511bce1
Driver info: io.appium.java_client.android.AndroidDriver
Capabilities [{platform=LINUX, app=F:\EXE Files\Mobile Testing\Apk\MiGallery_1.0.17.715_production.apk, javascriptEnabled=true, appActivity=com.mimedia.gallery.GalleryStartupActivity_, browserName=, networkConnectionEnabled=true, desired={app=F:\EXE Files\Mobile Testing\Apk\MiGallery_1.0.17.715_production.apk, platformVersion=5.0.2, deviceName=A05510, platformName=Android, appActivity=com.mimedia.gallery.GalleryStartupActivity_, browserName=, appPackage=com.mimedia.gallery}, locationContextEnabled=false, appPackage=com.mimedia.gallery, platformVersion=5.0.2, databaseEnabled=false, platformName=Android, deviceName=3a209ea, webStorageEnabled=false, warnings={}, takesScreenshot=true}]">
      <![CDATA[org.openqa.selenium.remote.SessionNotFoundException: 
Command duration or timeout: 15 milliseconds
Build info: version: '2.45.0', revision: '5017cb8', time: '2015-02-26 23:59:50'
System info: host: 'PRO-SAURABH-LT', ip: '192.168.60.87', os.name: 'Windows 8', os.arch: 'amd64', os.version: '6.2', java.version: '1.7.0_45'
*** Element info: {Using=xpath, value=//*[@class='android.view.View' and @index='0']}
Session ID: 1b059f70-f05c-4021-9d76-ce740511bce1
Driver info: io.appium.java_client.android.AndroidDriver
Capabilities [{platform=LINUX, app=F:\EXE Files\Mobile Testing\Apk\MiGallery_1.0.17.715_production.apk, javascriptEnabled=true, appActivity=com.mimedia.gallery.GalleryStartupActivity_, browserName=, networkConnectionEnabled=true, desired={app=F:\EXE Files\Mobile Testing\Apk\MiGallery_1.0.17.715_production.apk, platformVersion=5.0.2, deviceName=A05510, platformName=Android, appActivity=com.mimedia.gallery.GalleryStartupActivity_, browserName=, appPackage=com.mimedia.gallery}, locationContextEnabled=false, appPackage=com.mimedia.gallery, platformVersion=5.0.2, databaseEnabled=false, platformName=Android, deviceName=3a209ea, webStorageEnabled=false, warnings={}, takesScreenshot=true}]
	at sun.reflect.NativeConstructorAccessorImpl.newInstance0(Native Method)
	at sun.reflect.NativeConstructorAccessorImpl.newInstance(NativeConstructorAccessorImpl.java:57)
	at sun.reflect.DelegatingConstructorAccessorImpl.newInstance(DelegatingConstructorAccessorImpl.java:45)
	at java.lang.reflect.Constructor.newInstance(Constructor.java:526)
	at org.openqa.selenium.remote.ErrorHandler.createThrowable(ErrorHandler.java:204)
	at org.openqa.selenium.remote.ErrorHandler.throwIfResponseFailed(ErrorHandler.java:162)
	at org.openqa.selenium.remote.RemoteWebDriver.execute(RemoteWebDriver.java:599)
	at io.appium.java_client.AppiumDriver.execute(AppiumDriver.java:180)
	at org.openqa.selenium.remote.RemoteWebDriver.findElement(RemoteWebDriver.java:352)
	at org.openqa.selenium.remote.RemoteWebDriver.findElementByXPath(RemoteWebDriver.java:449)
	at org.openqa.selenium.By$ByXPath.findElement(By.java:357)
	at org.openqa.selenium.remote.RemoteWebDriver.findElement(RemoteWebDriver.java:344)
	at appiumtest.Testapp.H_swipe(Testapp.java:271)
	at sun.reflect.NativeMethodAccessorImpl.invoke0(Native Method)
	at sun.reflect.NativeMethodAccessorImpl.invoke(NativeMethodAccessorImpl.java:57)
	at sun.reflect.DelegatingMethodAccessorImpl.invoke(DelegatingMethodAccessorImpl.java:43)
	at java.lang.reflect.Method.invoke(Method.java:606)
	at org.testng.internal.MethodInvocationHelper.invokeMethod(MethodInvocationHelper.java:84)
	at org.testng.internal.Invoker.invokeMethod(Invoker.java:714)
	at org.testng.internal.Invoker.invokeTestMethod(Invoker.java:901)
	at org.testng.internal.Invoker.invokeTestMethods(Invoker.java:1231)
	at org.testng.internal.TestMethodWorker.invokeTestMethods(TestMethodWorker.java:127)
	at org.testng.internal.TestMethodWorker.run(TestMethodWorker.java:111)
	at org.testng.TestRunner.privateRun(TestRunner.java:767)
	at org.testng.TestRunner.run(TestRunner.java:617)
	at org.testng.SuiteRunner.runTest(SuiteRunner.java:334)
	at org.testng.SuiteRunner.runSequentially(SuiteRunner.java:329)
	at org.testng.SuiteRunner.privateRun(SuiteRunner.java:291)
	at org.testng.SuiteRunner.run(SuiteRunner.java:240)
	at org.testng.SuiteRunnerWorker.runSuite(SuiteRunnerWorker.java:52)
	at org.testng.SuiteRunnerWorker.run(SuiteRunnerWorker.java:86)
	at org.testng.TestNG.runSuitesSequentially(TestNG.java:1224)
	at org.testng.TestNG.runSuitesLocally(TestNG.java:1149)
	at org.testng.TestNG.run(TestNG.java:1057)
	at org.testng.remote.RemoteTestNG.run(RemoteTestNG.java:111)
	at org.testng.remote.RemoteTestNG.initAndRun(RemoteTestNG.java:204)
	at org.testng.remote.RemoteTestNG.main(RemoteTestNG.java:175)
]]>
    </failure>
  </testcase> <!-- H_swipe -->
  <testcase name="D_camera" time="0.016" classname="appiumtest.Testapp">
    <failure type="org.openqa.selenium.remote.SessionNotFoundException" message="
Command duration or timeout: 16 milliseconds
Build info: version: &#039;2.45.0&#039;, revision: &#039;5017cb8&#039;, time: &#039;2015-02-26 23:59:50&#039;
System info: host: &#039;PRO-SAURABH-LT&#039;, ip: &#039;192.168.60.87&#039;, os.name: &#039;Windows 8&#039;, os.arch: &#039;amd64&#039;, os.version: &#039;6.2&#039;, java.version: &#039;1.7.0_45&#039;
*** Element info: {Using=accessibility id, value=Camera}
Session ID: 1b059f70-f05c-4021-9d76-ce740511bce1
Driver info: io.appium.java_client.android.AndroidDriver
Capabilities [{platform=LINUX, app=F:\EXE Files\Mobile Testing\Apk\MiGallery_1.0.17.715_production.apk, javascriptEnabled=true, appActivity=com.mimedia.gallery.GalleryStartupActivity_, browserName=, networkConnectionEnabled=true, desired={app=F:\EXE Files\Mobile Testing\Apk\MiGallery_1.0.17.715_production.apk, platformVersion=5.0.2, deviceName=A05510, platformName=Android, appActivity=com.mimedia.gallery.GalleryStartupActivity_, browserName=, appPackage=com.mimedia.gallery}, locationContextEnabled=false, appPackage=com.mimedia.gallery, platformVersion=5.0.2, databaseEnabled=false, platformName=Android, deviceName=3a209ea, webStorageEnabled=false, warnings={}, takesScreenshot=true}]">
      <![CDATA[org.openqa.selenium.remote.SessionNotFoundException: 
Command duration or timeout: 16 milliseconds
Build info: version: '2.45.0', revision: '5017cb8', time: '2015-02-26 23:59:50'
System info: host: 'PRO-SAURABH-LT', ip: '192.168.60.87', os.name: 'Windows 8', os.arch: 'amd64', os.version: '6.2', java.version: '1.7.0_45'
*** Element info: {Using=accessibility id, value=Camera}
Session ID: 1b059f70-f05c-4021-9d76-ce740511bce1
Driver info: io.appium.java_client.android.AndroidDriver
Capabilities [{platform=LINUX, app=F:\EXE Files\Mobile Testing\Apk\MiGallery_1.0.17.715_production.apk, javascriptEnabled=true, appActivity=com.mimedia.gallery.GalleryStartupActivity_, browserName=, networkConnectionEnabled=true, desired={app=F:\EXE Files\Mobile Testing\Apk\MiGallery_1.0.17.715_production.apk, platformVersion=5.0.2, deviceName=A05510, platformName=Android, appActivity=com.mimedia.gallery.GalleryStartupActivity_, browserName=, appPackage=com.mimedia.gallery}, locationContextEnabled=false, appPackage=com.mimedia.gallery, platformVersion=5.0.2, databaseEnabled=false, platformName=Android, deviceName=3a209ea, webStorageEnabled=false, warnings={}, takesScreenshot=true}]
	at sun.reflect.NativeConstructorAccessorImpl.newInstance0(Native Method)
	at sun.reflect.NativeConstructorAccessorImpl.newInstance(NativeConstructorAccessorImpl.java:57)
	at sun.reflect.DelegatingConstructorAccessorImpl.newInstance(DelegatingConstructorAccessorImpl.java:45)
	at java.lang.reflect.Constructor.newInstance(Constructor.java:526)
	at org.openqa.selenium.remote.ErrorHandler.createThrowable(ErrorHandler.java:204)
	at org.openqa.selenium.remote.ErrorHandler.throwIfResponseFailed(ErrorHandler.java:162)
	at org.openqa.selenium.remote.RemoteWebDriver.execute(RemoteWebDriver.java:599)
	at io.appium.java_client.AppiumDriver.execute(AppiumDriver.java:180)
	at org.openqa.selenium.remote.RemoteWebDriver.findElement(RemoteWebDriver.java:352)
	at io.appium.java_client.AppiumDriver.findElementByAccessibilityId(AppiumDriver.java:576)
	at appiumtest.Testapp.D_camera(Testapp.java:159)
	at sun.reflect.NativeMethodAccessorImpl.invoke0(Native Method)
	at sun.reflect.NativeMethodAccessorImpl.invoke(NativeMethodAccessorImpl.java:57)
	at sun.reflect.DelegatingMethodAccessorImpl.invoke(DelegatingMethodAccessorImpl.java:43)
	at java.lang.reflect.Method.invoke(Method.java:606)
	at org.testng.internal.MethodInvocationHelper.invokeMethod(MethodInvocationHelper.java:84)
	at org.testng.internal.Invoker.invokeMethod(Invoker.java:714)
	at org.testng.internal.Invoker.invokeTestMethod(Invoker.java:901)
	at org.testng.internal.Invoker.invokeTestMethods(Invoker.java:1231)
	at org.testng.internal.TestMethodWorker.invokeTestMethods(TestMethodWorker.java:127)
	at org.testng.internal.TestMethodWorker.run(TestMethodWorker.java:111)
	at org.testng.TestRunner.privateRun(TestRunner.java:767)
	at org.testng.TestRunner.run(TestRunner.java:617)
	at org.testng.SuiteRunner.runTest(SuiteRunner.java:334)
	at org.testng.SuiteRunner.runSequentially(SuiteRunner.java:329)
	at org.testng.SuiteRunner.privateRun(SuiteRunner.java:291)
	at org.testng.SuiteRunner.run(SuiteRunner.java:240)
	at org.testng.SuiteRunnerWorker.runSuite(SuiteRunnerWorker.java:52)
	at org.testng.SuiteRunnerWorker.run(SuiteRunnerWorker.java:86)
	at org.testng.TestNG.runSuitesSequentially(TestNG.java:1224)
	at org.testng.TestNG.runSuitesLocally(TestNG.java:1149)
	at org.testng.TestNG.run(TestNG.java:1057)
	at org.testng.remote.RemoteTestNG.run(RemoteTestNG.java:111)
	at org.testng.remote.RemoteTestNG.initAndRun(RemoteTestNG.java:204)
	at org.testng.remote.RemoteTestNG.main(RemoteTestNG.java:175)
]]>
    </failure>
  </testcase> <!-- D_camera -->
  <testcase name="B_navigation" time="0.016" classname="appiumtest.Testapp">
    <failure type="org.openqa.selenium.remote.SessionNotFoundException" message="
Command duration or timeout: 16 milliseconds
Build info: version: &#039;2.45.0&#039;, revision: &#039;5017cb8&#039;, time: &#039;2015-02-26 23:59:50&#039;
System info: host: &#039;PRO-SAURABH-LT&#039;, ip: &#039;192.168.60.87&#039;, os.name: &#039;Windows 8&#039;, os.arch: &#039;amd64&#039;, os.version: &#039;6.2&#039;, java.version: &#039;1.7.0_45&#039;
*** Element info: {Using=id, value=com.mimedia.gallery:id/gallery_action_bar_nav_icon}
Session ID: 1b059f70-f05c-4021-9d76-ce740511bce1
Driver info: io.appium.java_client.android.AndroidDriver
Capabilities [{platform=LINUX, app=F:\EXE Files\Mobile Testing\Apk\MiGallery_1.0.17.715_production.apk, javascriptEnabled=true, appActivity=com.mimedia.gallery.GalleryStartupActivity_, browserName=, networkConnectionEnabled=true, desired={app=F:\EXE Files\Mobile Testing\Apk\MiGallery_1.0.17.715_production.apk, platformVersion=5.0.2, deviceName=A05510, platformName=Android, appActivity=com.mimedia.gallery.GalleryStartupActivity_, browserName=, appPackage=com.mimedia.gallery}, locationContextEnabled=false, appPackage=com.mimedia.gallery, platformVersion=5.0.2, databaseEnabled=false, platformName=Android, deviceName=3a209ea, webStorageEnabled=false, warnings={}, takesScreenshot=true}]">
      <![CDATA[org.openqa.selenium.remote.SessionNotFoundException: 
Command duration or timeout: 16 milliseconds
Build info: version: '2.45.0', revision: '5017cb8', time: '2015-02-26 23:59:50'
System info: host: 'PRO-SAURABH-LT', ip: '192.168.60.87', os.name: 'Windows 8', os.arch: 'amd64', os.version: '6.2', java.version: '1.7.0_45'
*** Element info: {Using=id, value=com.mimedia.gallery:id/gallery_action_bar_nav_icon}
Session ID: 1b059f70-f05c-4021-9d76-ce740511bce1
Driver info: io.appium.java_client.android.AndroidDriver
Capabilities [{platform=LINUX, app=F:\EXE Files\Mobile Testing\Apk\MiGallery_1.0.17.715_production.apk, javascriptEnabled=true, appActivity=com.mimedia.gallery.GalleryStartupActivity_, browserName=, networkConnectionEnabled=true, desired={app=F:\EXE Files\Mobile Testing\Apk\MiGallery_1.0.17.715_production.apk, platformVersion=5.0.2, deviceName=A05510, platformName=Android, appActivity=com.mimedia.gallery.GalleryStartupActivity_, browserName=, appPackage=com.mimedia.gallery}, locationContextEnabled=false, appPackage=com.mimedia.gallery, platformVersion=5.0.2, databaseEnabled=false, platformName=Android, deviceName=3a209ea, webStorageEnabled=false, warnings={}, takesScreenshot=true}]
	at sun.reflect.NativeConstructorAccessorImpl.newInstance0(Native Method)
	at sun.reflect.NativeConstructorAccessorImpl.newInstance(NativeConstructorAccessorImpl.java:57)
	at sun.reflect.DelegatingConstructorAccessorImpl.newInstance(DelegatingConstructorAccessorImpl.java:45)
	at java.lang.reflect.Constructor.newInstance(Constructor.java:526)
	at org.openqa.selenium.remote.ErrorHandler.createThrowable(ErrorHandler.java:204)
	at org.openqa.selenium.remote.ErrorHandler.throwIfResponseFailed(ErrorHandler.java:162)
	at org.openqa.selenium.remote.RemoteWebDriver.execute(RemoteWebDriver.java:599)
	at io.appium.java_client.AppiumDriver.execute(AppiumDriver.java:180)
	at org.openqa.selenium.remote.RemoteWebDriver.findElement(RemoteWebDriver.java:352)
	at org.openqa.selenium.remote.RemoteWebDriver.findElementById(RemoteWebDriver.java:393)
	at org.openqa.selenium.By$ById.findElement(By.java:214)
	at org.openqa.selenium.remote.RemoteWebDriver.findElement(RemoteWebDriver.java:344)
	at appiumtest.Testapp.B_navigation(Testapp.java:119)
	at sun.reflect.NativeMethodAccessorImpl.invoke0(Native Method)
	at sun.reflect.NativeMethodAccessorImpl.invoke(NativeMethodAccessorImpl.java:57)
	at sun.reflect.DelegatingMethodAccessorImpl.invoke(DelegatingMethodAccessorImpl.java:43)
	at java.lang.reflect.Method.invoke(Method.java:606)
	at org.testng.internal.MethodInvocationHelper.invokeMethod(MethodInvocationHelper.java:84)
	at org.testng.internal.Invoker.invokeMethod(Invoker.java:714)
	at org.testng.internal.Invoker.invokeTestMethod(Invoker.java:901)
	at org.testng.internal.Invoker.invokeTestMethods(Invoker.java:1231)
	at org.testng.internal.TestMethodWorker.invokeTestMethods(TestMethodWorker.java:127)
	at org.testng.internal.TestMethodWorker.run(TestMethodWorker.java:111)
	at org.testng.TestRunner.privateRun(TestRunner.java:767)
	at org.testng.TestRunner.run(TestRunner.java:617)
	at org.testng.SuiteRunner.runTest(SuiteRunner.java:334)
	at org.testng.SuiteRunner.runSequentially(SuiteRunner.java:329)
	at org.testng.SuiteRunner.privateRun(SuiteRunner.java:291)
	at org.testng.SuiteRunner.run(SuiteRunner.java:240)
	at org.testng.SuiteRunnerWorker.runSuite(SuiteRunnerWorker.java:52)
	at org.testng.SuiteRunnerWorker.run(SuiteRunnerWorker.java:86)
	at org.testng.TestNG.runSuitesSequentially(TestNG.java:1224)
	at org.testng.TestNG.runSuitesLocally(TestNG.java:1149)
	at org.testng.TestNG.run(TestNG.java:1057)
	at org.testng.remote.RemoteTestNG.run(RemoteTestNG.java:111)
	at org.testng.remote.RemoteTestNG.initAndRun(RemoteTestNG.java:204)
	at org.testng.remote.RemoteTestNG.main(RemoteTestNG.java:175)
]]>
    </failure>
  </testcase> <!-- B_navigation -->
  <testcase name="G_sharing" time="0.016" classname="appiumtest.Testapp">
    <failure type="org.openqa.selenium.remote.SessionNotFoundException" message="
Command duration or timeout: 16 milliseconds
Build info: version: &#039;2.45.0&#039;, revision: &#039;5017cb8&#039;, time: &#039;2015-02-26 23:59:50&#039;
System info: host: &#039;PRO-SAURABH-LT&#039;, ip: &#039;192.168.60.87&#039;, os.name: &#039;Windows 8&#039;, os.arch: &#039;amd64&#039;, os.version: &#039;6.2&#039;, java.version: &#039;1.7.0_45&#039;
*** Element info: {Using=class name, value=android.view.View}
Session ID: 1b059f70-f05c-4021-9d76-ce740511bce1
Driver info: io.appium.java_client.android.AndroidDriver
Capabilities [{platform=LINUX, app=F:\EXE Files\Mobile Testing\Apk\MiGallery_1.0.17.715_production.apk, javascriptEnabled=true, appActivity=com.mimedia.gallery.GalleryStartupActivity_, browserName=, networkConnectionEnabled=true, desired={app=F:\EXE Files\Mobile Testing\Apk\MiGallery_1.0.17.715_production.apk, platformVersion=5.0.2, deviceName=A05510, platformName=Android, appActivity=com.mimedia.gallery.GalleryStartupActivity_, browserName=, appPackage=com.mimedia.gallery}, locationContextEnabled=false, appPackage=com.mimedia.gallery, platformVersion=5.0.2, databaseEnabled=false, platformName=Android, deviceName=3a209ea, webStorageEnabled=false, warnings={}, takesScreenshot=true}]">
      <![CDATA[org.openqa.selenium.remote.SessionNotFoundException: 
Command duration or timeout: 16 milliseconds
Build info: version: '2.45.0', revision: '5017cb8', time: '2015-02-26 23:59:50'
System info: host: 'PRO-SAURABH-LT', ip: '192.168.60.87', os.name: 'Windows 8', os.arch: 'amd64', os.version: '6.2', java.version: '1.7.0_45'
*** Element info: {Using=class name, value=android.view.View}
Session ID: 1b059f70-f05c-4021-9d76-ce740511bce1
Driver info: io.appium.java_client.android.AndroidDriver
Capabilities [{platform=LINUX, app=F:\EXE Files\Mobile Testing\Apk\MiGallery_1.0.17.715_production.apk, javascriptEnabled=true, appActivity=com.mimedia.gallery.GalleryStartupActivity_, browserName=, networkConnectionEnabled=true, desired={app=F:\EXE Files\Mobile Testing\Apk\MiGallery_1.0.17.715_production.apk, platformVersion=5.0.2, deviceName=A05510, platformName=Android, appActivity=com.mimedia.gallery.GalleryStartupActivity_, browserName=, appPackage=com.mimedia.gallery}, locationContextEnabled=false, appPackage=com.mimedia.gallery, platformVersion=5.0.2, databaseEnabled=false, platformName=Android, deviceName=3a209ea, webStorageEnabled=false, warnings={}, takesScreenshot=true}]
	at sun.reflect.NativeConstructorAccessorImpl.newInstance0(Native Method)
	at sun.reflect.NativeConstructorAccessorImpl.newInstance(NativeConstructorAccessorImpl.java:57)
	at sun.reflect.DelegatingConstructorAccessorImpl.newInstance(DelegatingConstructorAccessorImpl.java:45)
	at java.lang.reflect.Constructor.newInstance(Constructor.java:526)
	at org.openqa.selenium.remote.ErrorHandler.createThrowable(ErrorHandler.java:204)
	at org.openqa.selenium.remote.ErrorHandler.throwIfResponseFailed(ErrorHandler.java:162)
	at org.openqa.selenium.remote.RemoteWebDriver.execute(RemoteWebDriver.java:599)
	at io.appium.java_client.AppiumDriver.execute(AppiumDriver.java:180)
	at org.openqa.selenium.remote.RemoteWebDriver.findElements(RemoteWebDriver.java:377)
	at org.openqa.selenium.remote.RemoteWebDriver.findElementsByClassName(RemoteWebDriver.java:437)
	at org.openqa.selenium.By$ByClassName.findElements(By.java:379)
	at org.openqa.selenium.remote.RemoteWebDriver.findElements(RemoteWebDriver.java:340)
	at appiumtest.Testapp.G_sharing(Testapp.java:257)
	at sun.reflect.NativeMethodAccessorImpl.invoke0(Native Method)
	at sun.reflect.NativeMethodAccessorImpl.invoke(NativeMethodAccessorImpl.java:57)
	at sun.reflect.DelegatingMethodAccessorImpl.invoke(DelegatingMethodAccessorImpl.java:43)
	at java.lang.reflect.Method.invoke(Method.java:606)
	at org.testng.internal.MethodInvocationHelper.invokeMethod(MethodInvocationHelper.java:84)
	at org.testng.internal.Invoker.invokeMethod(Invoker.java:714)
	at org.testng.internal.Invoker.invokeTestMethod(Invoker.java:901)
	at org.testng.internal.Invoker.invokeTestMethods(Invoker.java:1231)
	at org.testng.internal.TestMethodWorker.invokeTestMethods(TestMethodWorker.java:127)
	at org.testng.internal.TestMethodWorker.run(TestMethodWorker.java:111)
	at org.testng.TestRunner.privateRun(TestRunner.java:767)
	at org.testng.TestRunner.run(TestRunner.java:617)
	at org.testng.SuiteRunner.runTest(SuiteRunner.java:334)
	at org.testng.SuiteRunner.runSequentially(SuiteRunner.java:329)
	at org.testng.SuiteRunner.privateRun(SuiteRunner.java:291)
	at org.testng.SuiteRunner.run(SuiteRunner.java:240)
	at org.testng.SuiteRunnerWorker.runSuite(SuiteRunnerWorker.java:52)
	at org.testng.SuiteRunnerWorker.run(SuiteRunnerWorker.java:86)
	at org.testng.TestNG.runSuitesSequentially(TestNG.java:1224)
	at org.testng.TestNG.runSuitesLocally(TestNG.java:1149)
	at org.testng.TestNG.run(TestNG.java:1057)
	at org.testng.remote.RemoteTestNG.run(RemoteTestNG.java:111)
	at org.testng.remote.RemoteTestNG.initAndRun(RemoteTestNG.java:204)
	at org.testng.remote.RemoteTestNG.main(RemoteTestNG.java:175)
]]>
    </failure>
  </testcase> <!-- G_sharing -->
  <testcase name="E_collectionscreen" time="0.015" classname="appiumtest.Testapp">
    <failure type="org.openqa.selenium.remote.SessionNotFoundException" message="
Command duration or timeout: 15 milliseconds
Build info: version: &#039;2.45.0&#039;, revision: &#039;5017cb8&#039;, time: &#039;2015-02-26 23:59:50&#039;
System info: host: &#039;PRO-SAURABH-LT&#039;, ip: &#039;192.168.60.87&#039;, os.name: &#039;Windows 8&#039;, os.arch: &#039;amd64&#039;, os.version: &#039;6.2&#039;, java.version: &#039;1.7.0_45&#039;
*** Element info: {Using=name, value=Collections}
Session ID: 1b059f70-f05c-4021-9d76-ce740511bce1
Driver info: io.appium.java_client.android.AndroidDriver
Capabilities [{platform=LINUX, app=F:\EXE Files\Mobile Testing\Apk\MiGallery_1.0.17.715_production.apk, javascriptEnabled=true, appActivity=com.mimedia.gallery.GalleryStartupActivity_, browserName=, networkConnectionEnabled=true, desired={app=F:\EXE Files\Mobile Testing\Apk\MiGallery_1.0.17.715_production.apk, platformVersion=5.0.2, deviceName=A05510, platformName=Android, appActivity=com.mimedia.gallery.GalleryStartupActivity_, browserName=, appPackage=com.mimedia.gallery}, locationContextEnabled=false, appPackage=com.mimedia.gallery, platformVersion=5.0.2, databaseEnabled=false, platformName=Android, deviceName=3a209ea, webStorageEnabled=false, warnings={}, takesScreenshot=true}]">
      <![CDATA[org.openqa.selenium.remote.SessionNotFoundException: 
Command duration or timeout: 15 milliseconds
Build info: version: '2.45.0', revision: '5017cb8', time: '2015-02-26 23:59:50'
System info: host: 'PRO-SAURABH-LT', ip: '192.168.60.87', os.name: 'Windows 8', os.arch: 'amd64', os.version: '6.2', java.version: '1.7.0_45'
*** Element info: {Using=name, value=Collections}
Session ID: 1b059f70-f05c-4021-9d76-ce740511bce1
Driver info: io.appium.java_client.android.AndroidDriver
Capabilities [{platform=LINUX, app=F:\EXE Files\Mobile Testing\Apk\MiGallery_1.0.17.715_production.apk, javascriptEnabled=true, appActivity=com.mimedia.gallery.GalleryStartupActivity_, browserName=, networkConnectionEnabled=true, desired={app=F:\EXE Files\Mobile Testing\Apk\MiGallery_1.0.17.715_production.apk, platformVersion=5.0.2, deviceName=A05510, platformName=Android, appActivity=com.mimedia.gallery.GalleryStartupActivity_, browserName=, appPackage=com.mimedia.gallery}, locationContextEnabled=false, appPackage=com.mimedia.gallery, platformVersion=5.0.2, databaseEnabled=false, platformName=Android, deviceName=3a209ea, webStorageEnabled=false, warnings={}, takesScreenshot=true}]
	at sun.reflect.NativeConstructorAccessorImpl.newInstance0(Native Method)
	at sun.reflect.NativeConstructorAccessorImpl.newInstance(NativeConstructorAccessorImpl.java:57)
	at sun.reflect.DelegatingConstructorAccessorImpl.newInstance(DelegatingConstructorAccessorImpl.java:45)
	at java.lang.reflect.Constructor.newInstance(Constructor.java:526)
	at org.openqa.selenium.remote.ErrorHandler.createThrowable(ErrorHandler.java:204)
	at org.openqa.selenium.remote.ErrorHandler.throwIfResponseFailed(ErrorHandler.java:162)
	at org.openqa.selenium.remote.RemoteWebDriver.execute(RemoteWebDriver.java:599)
	at io.appium.java_client.AppiumDriver.execute(AppiumDriver.java:180)
	at org.openqa.selenium.remote.RemoteWebDriver.findElement(RemoteWebDriver.java:352)
	at org.openqa.selenium.remote.RemoteWebDriver.findElementByName(RemoteWebDriver.java:425)
	at org.openqa.selenium.By$ByName.findElement(By.java:299)
	at org.openqa.selenium.remote.RemoteWebDriver.findElement(RemoteWebDriver.java:344)
	at appiumtest.Testapp.E_collectionscreen(Testapp.java:183)
	at sun.reflect.NativeMethodAccessorImpl.invoke0(Native Method)
	at sun.reflect.NativeMethodAccessorImpl.invoke(NativeMethodAccessorImpl.java:57)
	at sun.reflect.DelegatingMethodAccessorImpl.invoke(DelegatingMethodAccessorImpl.java:43)
	at java.lang.reflect.Method.invoke(Method.java:606)
	at org.testng.internal.MethodInvocationHelper.invokeMethod(MethodInvocationHelper.java:84)
	at org.testng.internal.Invoker.invokeMethod(Invoker.java:714)
	at org.testng.internal.Invoker.invokeTestMethod(Invoker.java:901)
	at org.testng.internal.Invoker.invokeTestMethods(Invoker.java:1231)
	at org.testng.internal.TestMethodWorker.invokeTestMethods(TestMethodWorker.java:127)
	at org.testng.internal.TestMethodWorker.run(TestMethodWorker.java:111)
	at org.testng.TestRunner.privateRun(TestRunner.java:767)
	at org.testng.TestRunner.run(TestRunner.java:617)
	at org.testng.SuiteRunner.runTest(SuiteRunner.java:334)
	at org.testng.SuiteRunner.runSequentially(SuiteRunner.java:329)
	at org.testng.SuiteRunner.privateRun(SuiteRunner.java:291)
	at org.testng.SuiteRunner.run(SuiteRunner.java:240)
	at org.testng.SuiteRunnerWorker.runSuite(SuiteRunnerWorker.java:52)
	at org.testng.SuiteRunnerWorker.run(SuiteRunnerWorker.java:86)
	at org.testng.TestNG.runSuitesSequentially(TestNG.java:1224)
	at org.testng.TestNG.runSuitesLocally(TestNG.java:1149)
	at org.testng.TestNG.run(TestNG.java:1057)
	at org.testng.remote.RemoteTestNG.run(RemoteTestNG.java:111)
	at org.testng.remote.RemoteTestNG.initAndRun(RemoteTestNG.java:204)
	at org.testng.remote.RemoteTestNG.main(RemoteTestNG.java:175)
]]>
    </failure>
  </testcase> <!-- E_collectionscreen -->
  <testcase name="F_more" time="0.015" classname="appiumtest.Testapp">
    <failure type="org.openqa.selenium.remote.SessionNotFoundException" message="
Command duration or timeout: 15 milliseconds
Build info: version: &#039;2.45.0&#039;, revision: &#039;5017cb8&#039;, time: &#039;2015-02-26 23:59:50&#039;
System info: host: &#039;PRO-SAURABH-LT&#039;, ip: &#039;192.168.60.87&#039;, os.name: &#039;Windows 8&#039;, os.arch: &#039;amd64&#039;, os.version: &#039;6.2&#039;, java.version: &#039;1.7.0_45&#039;
*** Element info: {Using=class name, value=android.view.View}
Session ID: 1b059f70-f05c-4021-9d76-ce740511bce1
Driver info: io.appium.java_client.android.AndroidDriver
Capabilities [{platform=LINUX, app=F:\EXE Files\Mobile Testing\Apk\MiGallery_1.0.17.715_production.apk, javascriptEnabled=true, appActivity=com.mimedia.gallery.GalleryStartupActivity_, browserName=, networkConnectionEnabled=true, desired={app=F:\EXE Files\Mobile Testing\Apk\MiGallery_1.0.17.715_production.apk, platformVersion=5.0.2, deviceName=A05510, platformName=Android, appActivity=com.mimedia.gallery.GalleryStartupActivity_, browserName=, appPackage=com.mimedia.gallery}, locationContextEnabled=false, appPackage=com.mimedia.gallery, platformVersion=5.0.2, databaseEnabled=false, platformName=Android, deviceName=3a209ea, webStorageEnabled=false, warnings={}, takesScreenshot=true}]">
      <![CDATA[org.openqa.selenium.remote.SessionNotFoundException: 
Command duration or timeout: 15 milliseconds
Build info: version: '2.45.0', revision: '5017cb8', time: '2015-02-26 23:59:50'
System info: host: 'PRO-SAURABH-LT', ip: '192.168.60.87', os.name: 'Windows 8', os.arch: 'amd64', os.version: '6.2', java.version: '1.7.0_45'
*** Element info: {Using=class name, value=android.view.View}
Session ID: 1b059f70-f05c-4021-9d76-ce740511bce1
Driver info: io.appium.java_client.android.AndroidDriver
Capabilities [{platform=LINUX, app=F:\EXE Files\Mobile Testing\Apk\MiGallery_1.0.17.715_production.apk, javascriptEnabled=true, appActivity=com.mimedia.gallery.GalleryStartupActivity_, browserName=, networkConnectionEnabled=true, desired={app=F:\EXE Files\Mobile Testing\Apk\MiGallery_1.0.17.715_production.apk, platformVersion=5.0.2, deviceName=A05510, platformName=Android, appActivity=com.mimedia.gallery.GalleryStartupActivity_, browserName=, appPackage=com.mimedia.gallery}, locationContextEnabled=false, appPackage=com.mimedia.gallery, platformVersion=5.0.2, databaseEnabled=false, platformName=Android, deviceName=3a209ea, webStorageEnabled=false, warnings={}, takesScreenshot=true}]
	at sun.reflect.NativeConstructorAccessorImpl.newInstance0(Native Method)
	at sun.reflect.NativeConstructorAccessorImpl.newInstance(NativeConstructorAccessorImpl.java:57)
	at sun.reflect.DelegatingConstructorAccessorImpl.newInstance(DelegatingConstructorAccessorImpl.java:45)
	at java.lang.reflect.Constructor.newInstance(Constructor.java:526)
	at org.openqa.selenium.remote.ErrorHandler.createThrowable(ErrorHandler.java:204)
	at org.openqa.selenium.remote.ErrorHandler.throwIfResponseFailed(ErrorHandler.java:162)
	at org.openqa.selenium.remote.RemoteWebDriver.execute(RemoteWebDriver.java:599)
	at io.appium.java_client.AppiumDriver.execute(AppiumDriver.java:180)
	at org.openqa.selenium.remote.RemoteWebDriver.findElements(RemoteWebDriver.java:377)
	at org.openqa.selenium.remote.RemoteWebDriver.findElementsByClassName(RemoteWebDriver.java:437)
	at org.openqa.selenium.By$ByClassName.findElements(By.java:379)
	at org.openqa.selenium.remote.RemoteWebDriver.findElements(RemoteWebDriver.java:340)
	at appiumtest.Testapp.F_more(Testapp.java:205)
	at sun.reflect.NativeMethodAccessorImpl.invoke0(Native Method)
	at sun.reflect.NativeMethodAccessorImpl.invoke(NativeMethodAccessorImpl.java:57)
	at sun.reflect.DelegatingMethodAccessorImpl.invoke(DelegatingMethodAccessorImpl.java:43)
	at java.lang.reflect.Method.invoke(Method.java:606)
	at org.testng.internal.MethodInvocationHelper.invokeMethod(MethodInvocationHelper.java:84)
	at org.testng.internal.Invoker.invokeMethod(Invoker.java:714)
	at org.testng.internal.Invoker.invokeTestMethod(Invoker.java:901)
	at org.testng.internal.Invoker.invokeTestMethods(Invoker.java:1231)
	at org.testng.internal.TestMethodWorker.invokeTestMethods(TestMethodWorker.java:127)
	at org.testng.internal.TestMethodWorker.run(TestMethodWorker.java:111)
	at org.testng.TestRunner.privateRun(TestRunner.java:767)
	at org.testng.TestRunner.run(TestRunner.java:617)
	at org.testng.SuiteRunner.runTest(SuiteRunner.java:334)
	at org.testng.SuiteRunner.runSequentially(SuiteRunner.java:329)
	at org.testng.SuiteRunner.privateRun(SuiteRunner.java:291)
	at org.testng.SuiteRunner.run(SuiteRunner.java:240)
	at org.testng.SuiteRunnerWorker.runSuite(SuiteRunnerWorker.java:52)
	at org.testng.SuiteRunnerWorker.run(SuiteRunnerWorker.java:86)
	at org.testng.TestNG.runSuitesSequentially(TestNG.java:1224)
	at org.testng.TestNG.runSuitesLocally(TestNG.java:1149)
	at org.testng.TestNG.run(TestNG.java:1057)
	at org.testng.remote.RemoteTestNG.run(RemoteTestNG.java:111)
	at org.testng.remote.RemoteTestNG.initAndRun(RemoteTestNG.java:204)
	at org.testng.remote.RemoteTestNG.main(RemoteTestNG.java:175)
]]>
    </failure>
  </testcase> <!-- F_more -->
</testsuite> <!-- appiumtest.Testapp -->
